<?xml version="1.0" encoding="UTF-8"?>
<robot generator="Robot 3.1.1 (Python 3.7.2 on win32)" generated="20190216 10:28:53.555" rpa="false">
<suite id="s1" name="1 Facebook" source="C:\Users\ADMIN\PycharmProjects\RobotFramwork_10_2_2019\1_Facebook.robot">
<test id="s1-t1" name="Login to Facebook">
<kw name="Open Browser" library="SeleniumLibrary">
<doc>Opens a new browser instance to the given ``url``.</doc>
<arguments>
<arg>http://facebook.com</arg>
<arg>chrome</arg>
</arguments>
<msg timestamp="20190216 10:28:56.591" level="INFO">Opening browser 'chrome' to base url 'http://facebook.com'.</msg>
<status status="PASS" starttime="20190216 10:28:56.591" endtime="20190216 10:29:05.405"></status>
</kw>
<kw name="Input Text" library="SeleniumLibrary">
<doc>Types the given ``text`` into text field identified by ``locator``.</doc>
<arguments>
<arg>id=email</arg>
<arg>testmail</arg>
</arguments>
<msg timestamp="20190216 10:29:05.411" level="INFO">Typing text 'testmail' into text field 'id=email'.</msg>
<status status="PASS" starttime="20190216 10:29:05.411" endtime="20190216 10:29:06.947"></status>
</kw>
<kw name="Sleep" library="BuiltIn">
<doc>Pauses the test executed for the given time.</doc>
<arguments>
<arg>3s</arg>
</arguments>
<msg timestamp="20190216 10:29:09.950" level="INFO">Slept 3 seconds</msg>
<status status="PASS" starttime="20190216 10:29:06.948" endtime="20190216 10:29:09.950"></status>
</kw>
<kw name="Close Browser" library="SeleniumLibrary">
<doc>Closes the current browser.</doc>
<status status="PASS" starttime="20190216 10:29:09.951" endtime="20190216 10:29:12.456"></status>
</kw>
<status status="PASS" starttime="20190216 10:28:56.589" endtime="20190216 10:29:12.458" critical="yes"></status>
</test>
<status status="PASS" starttime="20190216 10:28:53.559" endtime="20190216 10:29:12.481"></status>
</suite>
<statistics>
<total>
<stat pass="1" fail="0">Critical Tests</stat>
<stat pass="1" fail="0">All Tests</stat>
</total>
<tag>
</tag>
<suite>
<stat pass="1" fail="0" id="s1" name="1 Facebook">1 Facebook</stat>
</suite>
</statistics>
<errors>
</errors>
</robot>
